<?xml version="1.0" encoding="UTF-8"?>
<testng-results skipped="0" failed="1" ignored="0" total="6" passed="5">
  <reporter-output>
  </reporter-output>
  <suite name="Extent Parallel Test" duration-ms="151062" started-at="2019-12-05T10:52:43 IST" finished-at="2019-12-05T10:55:14 IST">
    <groups>
    </groups>
    <test name="TestChrome" duration-ms="151062" started-at="2019-12-05T10:52:43 IST" finished-at="2019-12-05T10:55:14 IST">
      <class name="com.pulse.Test.ValidLogin1">
        <test-method status="PASS" signature="beforeSuite()[pri:0, instance:com.pulse.Test.ValidLogin1@58a9760d]" name="beforeSuite" is-config="true" duration-ms="69" started-at="2019-12-05T10:52:43 IST" finished-at="2019-12-05T10:52:43 IST">
          <reporter-output>
          </reporter-output>
        </test-method> <!-- beforeSuite -->
        <test-method status="PASS" signature="beforeTest(org.testng.xml.XmlTest)[pri:0, instance:com.pulse.Test.ValidLogin1@58a9760d]" name="beforeTest" is-config="true" duration-ms="7" started-at="2019-12-05T10:52:43 IST" finished-at="2019-12-05T10:52:43 IST">
          <params>
            <param index="0">
              <value>
                <![CDATA[org.testng.xml.XmlTest@fbf2539d]]>
              </value>
            </param>
          </params>
          <reporter-output>
          </reporter-output>
        </test-method> <!-- beforeTest -->
        <test-method status="PASS" signature="beforeClass(org.testng.ITestContext, java.lang.String, java.lang.String)[pri:0, instance:com.pulse.Test.ValidLogin1@58a9760d]" name="beforeClass" is-config="true" duration-ms="1" started-at="2019-12-05T10:52:43 IST" finished-at="2019-12-05T10:52:43 IST">
          <params>
            <param index="0">
              <value>
                <![CDATA[org.testng.TestRunner@5a45133e]]>
              </value>
            </param>
            <param index="1">
              <value>
                <![CDATA[5]]>
              </value>
            </param>
            <param index="2">
              <value>
                <![CDATA[2]]>
              </value>
            </param>
          </params>
          <reporter-output>
          </reporter-output>
        </test-method> <!-- beforeClass -->
        <test-method status="PASS" signature="beforeMethod(java.lang.reflect.Method, java.lang.String)[pri:0, instance:com.pulse.Test.ValidLogin1@58a9760d]" name="beforeMethod" is-config="true" duration-ms="9911" started-at="2019-12-05T10:52:43 IST" finished-at="2019-12-05T10:52:53 IST">
          <params>
            <param index="0">
              <value>
                <![CDATA[public void com.pulse.Test.ValidLogin1.TC2(java.lang.reflect.Method) throws java.lang.InterruptedException]]>
              </value>
            </param>
            <param index="1">
              <value>
                <![CDATA[chrome]]>
              </value>
            </param>
          </params>
          <reporter-output>
          </reporter-output>
        </test-method> <!-- beforeMethod -->
        <test-method status="FAIL" signature="TC2(java.lang.reflect.Method)[pri:0, instance:com.pulse.Test.ValidLogin1@58a9760d]" name="TC2" duration-ms="13675" started-at="2019-12-05T10:52:53 IST" description="This test case verifies whether the radio button single is selected." finished-at="2019-12-05T10:53:07 IST">
          <params>
            <param index="0">
              <value>
                <![CDATA[public void com.pulse.Test.ValidLogin1.TC2(java.lang.reflect.Method) throws java.lang.InterruptedException]]>
              </value>
            </param>
          </params>
          <exception class="java.lang.AssertionError">
            <message>
              <![CDATA[expected [Au Register Forms by Colorlib] but found [Yahoo India | News, Finance, Cricket, Lifestyle and Entertainment]]]>
            </message>
            <full-stacktrace>
              <![CDATA[java.lang.AssertionError: expected [Au Register Forms by Colorlib] but found [Yahoo India | News, Finance, Cricket, Lifestyle and Entertainment]
at org.testng.Assert.fail(Assert.java:97)
at org.testng.Assert.assertEqualsImpl(Assert.java:136)
at org.testng.Assert.assertEquals(Assert.java:118)
at org.testng.Assert.assertEquals(Assert.java:575)
at org.testng.Assert.assertEquals(Assert.java:585)
at com.pulse.Test.ValidLogin1.TC2(ValidLogin1.java:374)
at sun.reflect.NativeMethodAccessorImpl.invoke0(Native Method)
at sun.reflect.NativeMethodAccessorImpl.invoke(Unknown Source)
at sun.reflect.DelegatingMethodAccessorImpl.invoke(Unknown Source)
at java.lang.reflect.Method.invoke(Unknown Source)
at org.testng.internal.MethodInvocationHelper.invokeMethod(MethodInvocationHelper.java:133)
at org.testng.internal.TestInvoker.invokeMethod(TestInvoker.java:584)
at org.testng.internal.TestInvoker.invokeTestMethod(TestInvoker.java:172)
at org.testng.internal.MethodRunner.runInSequence(MethodRunner.java:46)
at org.testng.internal.TestInvoker$MethodInvocationAgent.invoke(TestInvoker.java:804)
at org.testng.internal.TestInvoker.invokeTestMethods(TestInvoker.java:145)
at org.testng.internal.TestMethodWorker.invokeTestMethods(TestMethodWorker.java:146)
at org.testng.internal.TestMethodWorker.run(TestMethodWorker.java:128)
at java.util.ArrayList.forEach(Unknown Source)
at org.testng.TestRunner.privateRun(TestRunner.java:770)
at org.testng.TestRunner.run(TestRunner.java:591)
at org.testng.SuiteRunner.runTest(SuiteRunner.java:402)
at org.testng.SuiteRunner.access$000(SuiteRunner.java:41)
at org.testng.SuiteRunner$SuiteWorker.run(SuiteRunner.java:443)
at org.testng.internal.thread.ThreadUtil.lambda$execute$0(ThreadUtil.java:67)
at java.util.concurrent.FutureTask.run(Unknown Source)
at java.util.concurrent.ThreadPoolExecutor.runWorker(Unknown Source)
at java.util.concurrent.ThreadPoolExecutor$Worker.run(Unknown Source)
at java.lang.Thread.run(Unknown Source)
]]>
            </full-stacktrace>
          </exception> <!-- java.lang.AssertionError -->
          <reporter-output>
          </reporter-output>
        </test-method> <!-- TC2 -->
        <test-method status="PASS" signature="tearDown(org.testng.ITestResult)[pri:0, instance:com.pulse.Test.ValidLogin1@58a9760d]" name="tearDown" is-config="true" duration-ms="426" started-at="2019-12-05T10:53:07 IST" finished-at="2019-12-05T10:53:07 IST">
          <params>
            <param index="0">
              <value>
                <![CDATA[[TestResult name=TC2 status=FAILURE method=ValidLogin1.TC2(java.lang.reflect.Method)[pri:0, instance:com.pulse.Test.ValidLogin1@58a9760d] output={null}]]]>
              </value>
            </param>
          </params>
          <reporter-output>
          </reporter-output>
        </test-method> <!-- tearDown -->
        <test-method status="PASS" signature="beforeMethod(java.lang.reflect.Method, java.lang.String)[pri:0, instance:com.pulse.Test.ValidLogin1@58a9760d]" name="beforeMethod" is-config="true" duration-ms="9356" started-at="2019-12-05T10:53:07 IST" finished-at="2019-12-05T10:53:17 IST">
          <params>
            <param index="0">
              <value>
                <![CDATA[public void com.pulse.Test.ValidLogin1.TC1(int) throws java.io.IOException,java.lang.Exception]]>
              </value>
            </param>
            <param index="1">
              <value>
                <![CDATA[chrome]]>
              </value>
            </param>
          </params>
          <reporter-output>
          </reporter-output>
        </test-method> <!-- beforeMethod -->
        <test-method status="PASS" signature="TC1(int)[pri:1, instance:com.pulse.Test.ValidLogin1@58a9760d]" name="TC1" duration-ms="15555" started-at="2019-12-05T10:53:17 IST" data-provider="iterations" finished-at="2019-12-05T10:53:32 IST">
          <params>
            <param index="0">
              <value>
                <![CDATA[1]]>
              </value>
            </param>
          </params>
          <reporter-output>
          </reporter-output>
        </test-method> <!-- TC1 -->
        <test-method status="PASS" signature="tearDown(org.testng.ITestResult)[pri:0, instance:com.pulse.Test.ValidLogin1@58a9760d]" name="tearDown" is-config="true" duration-ms="64" started-at="2019-12-05T10:53:32 IST" finished-at="2019-12-05T10:53:32 IST">
          <params>
            <param index="0">
              <value>
                <![CDATA[[TestResult name=TC1 status=SUCCESS method=ValidLogin1.TC1(int)[pri:1, instance:com.pulse.Test.ValidLogin1@58a9760d] output={null}]]]>
              </value>
            </param>
          </params>
          <reporter-output>
          </reporter-output>
        </test-method> <!-- tearDown -->
        <test-method status="PASS" signature="beforeMethod(java.lang.reflect.Method, java.lang.String)[pri:0, instance:com.pulse.Test.ValidLogin1@58a9760d]" name="beforeMethod" is-config="true" duration-ms="9538" started-at="2019-12-05T10:53:32 IST" finished-at="2019-12-05T10:53:42 IST">
          <params>
            <param index="0">
              <value>
                <![CDATA[public void com.pulse.Test.ValidLogin1.TC1(int) throws java.io.IOException,java.lang.Exception]]>
              </value>
            </param>
            <param index="1">
              <value>
                <![CDATA[chrome]]>
              </value>
            </param>
          </params>
          <reporter-output>
          </reporter-output>
        </test-method> <!-- beforeMethod -->
        <test-method status="PASS" signature="TC1(int)[pri:1, instance:com.pulse.Test.ValidLogin1@58a9760d]" name="TC1" duration-ms="15705" started-at="2019-12-05T10:53:42 IST" data-provider="iterations" finished-at="2019-12-05T10:53:58 IST">
          <params>
            <param index="0">
              <value>
                <![CDATA[2]]>
              </value>
            </param>
          </params>
          <reporter-output>
          </reporter-output>
        </test-method> <!-- TC1 -->
        <test-method status="PASS" signature="tearDown(org.testng.ITestResult)[pri:0, instance:com.pulse.Test.ValidLogin1@58a9760d]" name="tearDown" is-config="true" duration-ms="80" started-at="2019-12-05T10:53:58 IST" finished-at="2019-12-05T10:53:58 IST">
          <params>
            <param index="0">
              <value>
                <![CDATA[[TestResult name=TC1 status=SUCCESS method=ValidLogin1.TC1(int)[pri:1, instance:com.pulse.Test.ValidLogin1@58a9760d] output={null}]]]>
              </value>
            </param>
          </params>
          <reporter-output>
          </reporter-output>
        </test-method> <!-- tearDown -->
        <test-method status="PASS" signature="beforeMethod(java.lang.reflect.Method, java.lang.String)[pri:0, instance:com.pulse.Test.ValidLogin1@58a9760d]" name="beforeMethod" is-config="true" duration-ms="9307" started-at="2019-12-05T10:53:58 IST" finished-at="2019-12-05T10:54:07 IST">
          <params>
            <param index="0">
              <value>
                <![CDATA[public void com.pulse.Test.ValidLogin1.TC1(int) throws java.io.IOException,java.lang.Exception]]>
              </value>
            </param>
            <param index="1">
              <value>
                <![CDATA[chrome]]>
              </value>
            </param>
          </params>
          <reporter-output>
          </reporter-output>
        </test-method> <!-- beforeMethod -->
        <test-method status="PASS" signature="TC1(int)[pri:1, instance:com.pulse.Test.ValidLogin1@58a9760d]" name="TC1" duration-ms="16730" started-at="2019-12-05T10:54:07 IST" data-provider="iterations" finished-at="2019-12-05T10:54:24 IST">
          <params>
            <param index="0">
              <value>
                <![CDATA[3]]>
              </value>
            </param>
          </params>
          <reporter-output>
          </reporter-output>
        </test-method> <!-- TC1 -->
        <test-method status="PASS" signature="tearDown(org.testng.ITestResult)[pri:0, instance:com.pulse.Test.ValidLogin1@58a9760d]" name="tearDown" is-config="true" duration-ms="55" started-at="2019-12-05T10:54:24 IST" finished-at="2019-12-05T10:54:24 IST">
          <params>
            <param index="0">
              <value>
                <![CDATA[[TestResult name=TC1 status=SUCCESS method=ValidLogin1.TC1(int)[pri:1, instance:com.pulse.Test.ValidLogin1@58a9760d] output={null}]]]>
              </value>
            </param>
          </params>
          <reporter-output>
          </reporter-output>
        </test-method> <!-- tearDown -->
        <test-method status="PASS" signature="beforeMethod(java.lang.reflect.Method, java.lang.String)[pri:0, instance:com.pulse.Test.ValidLogin1@58a9760d]" name="beforeMethod" is-config="true" duration-ms="9350" started-at="2019-12-05T10:54:24 IST" finished-at="2019-12-05T10:54:33 IST">
          <params>
            <param index="0">
              <value>
                <![CDATA[public void com.pulse.Test.ValidLogin1.TC1(int) throws java.io.IOException,java.lang.Exception]]>
              </value>
            </param>
            <param index="1">
              <value>
                <![CDATA[chrome]]>
              </value>
            </param>
          </params>
          <reporter-output>
          </reporter-output>
        </test-method> <!-- beforeMethod -->
        <test-method status="PASS" signature="TC1(int)[pri:1, instance:com.pulse.Test.ValidLogin1@58a9760d]" name="TC1" duration-ms="15307" started-at="2019-12-05T10:54:33 IST" data-provider="iterations" finished-at="2019-12-05T10:54:48 IST">
          <params>
            <param index="0">
              <value>
                <![CDATA[4]]>
              </value>
            </param>
          </params>
          <reporter-output>
          </reporter-output>
        </test-method> <!-- TC1 -->
        <test-method status="PASS" signature="tearDown(org.testng.ITestResult)[pri:0, instance:com.pulse.Test.ValidLogin1@58a9760d]" name="tearDown" is-config="true" duration-ms="49" started-at="2019-12-05T10:54:48 IST" finished-at="2019-12-05T10:54:48 IST">
          <params>
            <param index="0">
              <value>
                <![CDATA[[TestResult name=TC1 status=SUCCESS method=ValidLogin1.TC1(int)[pri:1, instance:com.pulse.Test.ValidLogin1@58a9760d] output={null}]]]>
              </value>
            </param>
          </params>
          <reporter-output>
          </reporter-output>
        </test-method> <!-- tearDown -->
        <test-method status="PASS" signature="beforeMethod(java.lang.reflect.Method, java.lang.String)[pri:0, instance:com.pulse.Test.ValidLogin1@58a9760d]" name="beforeMethod" is-config="true" duration-ms="9334" started-at="2019-12-05T10:54:48 IST" finished-at="2019-12-05T10:54:58 IST">
          <params>
            <param index="0">
              <value>
                <![CDATA[public void com.pulse.Test.ValidLogin1.TC1(int) throws java.io.IOException,java.lang.Exception]]>
              </value>
            </param>
            <param index="1">
              <value>
                <![CDATA[chrome]]>
              </value>
            </param>
          </params>
          <reporter-output>
          </reporter-output>
        </test-method> <!-- beforeMethod -->
        <test-method status="PASS" signature="TC1(int)[pri:1, instance:com.pulse.Test.ValidLogin1@58a9760d]" name="TC1" duration-ms="16343" started-at="2019-12-05T10:54:58 IST" data-provider="iterations" finished-at="2019-12-05T10:55:14 IST">
          <params>
            <param index="0">
              <value>
                <![CDATA[5]]>
              </value>
            </param>
          </params>
          <reporter-output>
          </reporter-output>
        </test-method> <!-- TC1 -->
        <test-method status="PASS" signature="tearDown(org.testng.ITestResult)[pri:0, instance:com.pulse.Test.ValidLogin1@58a9760d]" name="tearDown" is-config="true" duration-ms="161" started-at="2019-12-05T10:55:14 IST" finished-at="2019-12-05T10:55:14 IST">
          <params>
            <param index="0">
              <value>
                <![CDATA[[TestResult name=TC1 status=SUCCESS method=ValidLogin1.TC1(int)[pri:1, instance:com.pulse.Test.ValidLogin1@58a9760d] output={null}]]]>
              </value>
            </param>
          </params>
          <reporter-output>
          </reporter-output>
        </test-method> <!-- tearDown -->
        <test-method status="PASS" signature="afterClass()[pri:0, instance:com.pulse.Test.ValidLogin1@58a9760d]" name="afterClass" is-config="true" duration-ms="61" started-at="2019-12-05T10:55:14 IST" finished-at="2019-12-05T10:55:14 IST">
          <reporter-output>
          </reporter-output>
        </test-method> <!-- afterClass -->
        <test-method status="PASS" signature="testDown()[pri:0, instance:com.pulse.Test.ValidLogin1@58a9760d]" name="testDown" is-config="true" duration-ms="0" started-at="2019-12-05T10:55:14 IST" finished-at="2019-12-05T10:55:14 IST">
          <reporter-output>
          </reporter-output>
        </test-method> <!-- testDown -->
      </class> <!-- com.pulse.Test.ValidLogin1 -->
    </test> <!-- TestChrome -->
  </suite> <!-- Extent Parallel Test -->
</testng-results>
